Repo: /Users/danielstevens/Desktop/Code/Tools
Git status (porcelain):
 M logs/force_snapshot_20250826T130522Z/CodingReviewer_20250821_074750_snapshot.log
 M logs/force_snapshot_20250826T130522Z/summary.txt
?? logs/force_snapshot_20250826T130522Z/Tools_snapshot.log
Adding all changes...
Committing snapshot...
[auto-fix/PlannerApp-workflow 60dadfb] snapshot: commit all local changes before automation run (20250826T130522Z)
 3 files changed, 15 insertions(+)
 create mode 100644 logs/force_snapshot_20250826T130522Z/Tools_snapshot.log
Pushing...
To https://github.com/dboone323/Quantum-workspace.git
   7f81427..60dadfb  auto-fix/PlannerApp-workflow -> auto-fix/PlannerApp-workflow
Pushed to default remote

# PR creation template (replace <TOKEN>)
curl -X POST   -H "Authorization: token <TOKEN>"   -H "Accept: application/vnd.github+json"   https://api.github.com/repos/dboone323/Quantum-workspace/pulls   -d '{"title":"[snapshot] commit all local changes before automation run (20250826T130522Z)","head":"snapshot/20250826T130522Z","base":"main","body":"Automated deterministic snapshot commit. Please review and resolve conflicts.","draft":true}'

# Request reviewer dboone323 (replace <PR_NUMBER>)
curl -X POST   -H "Authorization: token <TOKEN>"   -H "Accept: application/vnd.github+json"   https://api.github.com/repos/dboone323/Quantum-workspace/pulls/<PR_NUMBER>/requested_reviewers   -d '{"reviewers":["dboone323"]}'


# PR creation template (replace <TOKEN>)
# repo: dboone323/Quantum-workspace

curl -X POST   -H "Authorization: token <TOKEN>"   -H "Accept: application/vnd.github+json"   https://api.github.com/repos/dboone323/Quantum-workspace/pulls   -d '{"title":"[snapshot] commit all local changes before automation run (20250826T130522Z)","head":"snapshot/20250826T130522","base":"main","body":"Automated deterministic snapshot commit. Please review and resolve conflicts.","draft":true}'

# Request reviewer dboone323 (replace <PR_NUMBER>)

curl -X POST   -H "Authorization: token <TOKEN>"   -H "Accept: application/vnd.github+json"   https://api.github.com/repos/dboone323/Quantum-workspace/pulls/<PR_NUMBER>/requested_reviewers   -d '{"reviewers":["dboone323"]}'


# PR creation template (replace <TOKEN>)
# repo: dboone323/Quantum-workspace

curl -X POST \n  -H "Authorization: token <TOKEN>" \n  -H "Accept: application/vnd.github+json" \n  https://api.github.com/repos/dboone323/Quantum-workspace/pulls \n  -d '{"title":"[snapshot] commit all local changes before automation run (20250826T130522Z)","head":"snapshot/20250826T130522","base":"main","body":"Automated deterministic snapshot commit. Please review and resolve conflicts.","draft":true}'

# Request reviewer dboone323 (replace <PR_NUMBER>)

curl -X POST \n  -H "Authorization: token <TOKEN>" \n  -H "Accept: application/vnd.github+json" \n  https://api.github.com/repos/dboone323/Quantum-workspace/pulls/<PR_NUMBER>/requested_reviewers \n  -d '{"reviewers":["dboone323"]}'


# PR creation template (replace <TOKEN>)
# repo: dboone323/Quantum-workspace

curl -X POST \n  -H "Authorization: token <TOKEN>" \n  -H "Accept: application/vnd.github+json" \n  https://api.github.com/repos/dboone323/Quantum-workspace/pulls \n  -d '{"title":"[snapshot] commit all local changes before automation run (20250826T130522Z)","head":"snapshot/20250826T130522","base":"main","body":"Automated deterministic snapshot commit. Please review and resolve conflicts.","draft":true}'

# Request reviewer dboone323 (replace <PR_NUMBER>)

curl -X POST \n  -H "Authorization: token <TOKEN>" \n  -H "Accept: application/vnd.github+json" \n  https://api.github.com/repos/dboone323/Quantum-workspace/pulls/<PR_NUMBER>/requested_reviewers \n  -d '{"reviewers":["dboone323"]}'


PR_CREATE_ERROR: <urlopen error [SSL: CERTIFICATE_VERIFY_FAILED] certificate verify failed: unable to get local issuer certificate (_ssl.c:1000)>
