Repo: /Users/danielstevens/Desktop/Code/Tools/Automation/agents/backups/CodingReviewer_20250821_082230/CodingReviewer_20250821_081938/CodingReviewer_20250821_081810/CodingReviewer_20250821_081220/CodingReviewer_20250821_081124/CodingReviewer_20250821_080703/CodingReviewer_20250821_080613/CodingReviewer_20250821_080301/CodingReviewer_20250821_075645/CodingReviewer_20250821_075244/CodingReviewer/CodingReviewer_20250821_075020/CodingReviewer/CodingReviewer_20250821_074750
Git status (porcelain):
 M logs/force_snapshot_20250826T130522Z/CodingReviewer_20250821_074750_snapshot.log
 M logs/force_snapshot_20250826T130522Z/summary.txt
Adding all changes...
Committing snapshot...
[auto-fix/PlannerApp-workflow 7f81427] snapshot: commit all local changes before automation run (20250826T130522Z)
 2 files changed, 3 insertions(+), 1 deletion(-)
Pushing...
To https://github.com/dboone323/Quantum-workspace.git
   e022f75..7f81427  auto-fix/PlannerApp-workflow -> auto-fix/PlannerApp-workflow
Pushed to default remote

# PR creation template (replace <TOKEN>)
curl -X POST   -H "Authorization: token <TOKEN>"   -H "Accept: application/vnd.github+json"   https://api.github.com/repos/dboone323/Quantum-workspace/pulls   -d '{"title":"[snapshot] commit all local changes before automation run (20250826T130522Z)","head":"snapshot/20250826T130522Z","base":"main","body":"Automated deterministic snapshot commit. Please review and resolve conflicts.","draft":true}'

# Request reviewer dboone323 (replace <PR_NUMBER>)
curl -X POST   -H "Authorization: token <TOKEN>"   -H "Accept: application/vnd.github+json"   https://api.github.com/repos/dboone323/Quantum-workspace/pulls/<PR_NUMBER>/requested_reviewers   -d '{"reviewers":["dboone323"]}'


# PR creation template (replace <TOKEN>)
# repo: dboone323/Quantum-workspace

curl -X POST   -H "Authorization: token <TOKEN>"   -H "Accept: application/vnd.github+json"   https://api.github.com/repos/dboone323/Quantum-workspace/pulls   -d '{"title":"[snapshot] commit all local changes before automation run (20250826T130522Z)","head":"snapshot/20250826T130522","base":"main","body":"Automated deterministic snapshot commit. Please review and resolve conflicts.","draft":true}'

# Request reviewer dboone323 (replace <PR_NUMBER>)

curl -X POST   -H "Authorization: token <TOKEN>"   -H "Accept: application/vnd.github+json"   https://api.github.com/repos/dboone323/Quantum-workspace/pulls/<PR_NUMBER>/requested_reviewers   -d '{"reviewers":["dboone323"]}'


# PR creation template (replace <TOKEN>)
# repo: dboone323/Quantum-workspace

curl -X POST \n  -H "Authorization: token <TOKEN>" \n  -H "Accept: application/vnd.github+json" \n  https://api.github.com/repos/dboone323/Quantum-workspace/pulls \n  -d '{"title":"[snapshot] commit all local changes before automation run (20250826T130522Z)","head":"snapshot/20250826T130522","base":"main","body":"Automated deterministic snapshot commit. Please review and resolve conflicts.","draft":true}'

# Request reviewer dboone323 (replace <PR_NUMBER>)

curl -X POST \n  -H "Authorization: token <TOKEN>" \n  -H "Accept: application/vnd.github+json" \n  https://api.github.com/repos/dboone323/Quantum-workspace/pulls/<PR_NUMBER>/requested_reviewers \n  -d '{"reviewers":["dboone323"]}'


# PR creation template (replace <TOKEN>)
# repo: dboone323/Quantum-workspace

curl -X POST \n  -H "Authorization: token <TOKEN>" \n  -H "Accept: application/vnd.github+json" \n  https://api.github.com/repos/dboone323/Quantum-workspace/pulls \n  -d '{"title":"[snapshot] commit all local changes before automation run (20250826T130522Z)","head":"snapshot/20250826T130522","base":"main","body":"Automated deterministic snapshot commit. Please review and resolve conflicts.","draft":true}'

# Request reviewer dboone323 (replace <PR_NUMBER>)

curl -X POST \n  -H "Authorization: token <TOKEN>" \n  -H "Accept: application/vnd.github+json" \n  https://api.github.com/repos/dboone323/Quantum-workspace/pulls/<PR_NUMBER>/requested_reviewers \n  -d '{"reviewers":["dboone323"]}'


PR_CREATE_ERROR: <urlopen error [SSL: CERTIFICATE_VERIFY_FAILED] certificate verify failed: unable to get local issuer certificate (_ssl.c:1000)>
