Repo: /Users/danielstevens/Desktop/Code/Projects/HabitQuest
Git status (porcelain):
Adding all changes...
No staged changes after add. Skipping commit.
Pushing...
Everything up-to-date
Pushed to default remote

# PR creation template (replace <TOKEN>)
curl -X POST   -H "Authorization: token <TOKEN>"   -H "Accept: application/vnd.github+json"   https://api.github.com/repos/dboone323/HabitQuest/pulls   -d '{"title":"[snapshot] commit all local changes before automation run (20250826T130522Z)","head":"snapshot/20250826T130522Z","base":"main","body":"Automated deterministic snapshot commit. Please review and resolve conflicts.","draft":true}'

# Request reviewer dboone323 (replace <PR_NUMBER>)
curl -X POST   -H "Authorization: token <TOKEN>"   -H "Accept: application/vnd.github+json"   https://api.github.com/repos/dboone323/HabitQuest/pulls/<PR_NUMBER>/requested_reviewers   -d '{"reviewers":["dboone323"]}'


# PR creation template (replace <TOKEN>)
# repo: dboone323/HabitQuest

curl -X POST   -H "Authorization: token <TOKEN>"   -H "Accept: application/vnd.github+json"   https://api.github.com/repos/dboone323/HabitQuest/pulls   -d '{"title":"[snapshot] commit all local changes before automation run (20250826T130522Z)","head":"snapshot/20250826T130522","base":"main","body":"Automated deterministic snapshot commit. Please review and resolve conflicts.","draft":true}'

# Request reviewer dboone323 (replace <PR_NUMBER>)

curl -X POST   -H "Authorization: token <TOKEN>"   -H "Accept: application/vnd.github+json"   https://api.github.com/repos/dboone323/HabitQuest/pulls/<PR_NUMBER>/requested_reviewers   -d '{"reviewers":["dboone323"]}'


# PR creation template (replace <TOKEN>)
# repo: dboone323/HabitQuest

curl -X POST \n  -H "Authorization: token <TOKEN>" \n  -H "Accept: application/vnd.github+json" \n  https://api.github.com/repos/dboone323/HabitQuest/pulls \n  -d '{"title":"[snapshot] commit all local changes before automation run (20250826T130522Z)","head":"snapshot/20250826T130522","base":"main","body":"Automated deterministic snapshot commit. Please review and resolve conflicts.","draft":true}'

# Request reviewer dboone323 (replace <PR_NUMBER>)

curl -X POST \n  -H "Authorization: token <TOKEN>" \n  -H "Accept: application/vnd.github+json" \n  https://api.github.com/repos/dboone323/HabitQuest/pulls/<PR_NUMBER>/requested_reviewers \n  -d '{"reviewers":["dboone323"]}'


# PR creation template (replace <TOKEN>)
# repo: dboone323/HabitQuest

curl -X POST \n  -H "Authorization: token <TOKEN>" \n  -H "Accept: application/vnd.github+json" \n  https://api.github.com/repos/dboone323/HabitQuest/pulls \n  -d '{"title":"[snapshot] commit all local changes before automation run (20250826T130522Z)","head":"snapshot/20250826T130522","base":"main","body":"Automated deterministic snapshot commit. Please review and resolve conflicts.","draft":true}'

# Request reviewer dboone323 (replace <PR_NUMBER>)

curl -X POST \n  -H "Authorization: token <TOKEN>" \n  -H "Accept: application/vnd.github+json" \n  https://api.github.com/repos/dboone323/HabitQuest/pulls/<PR_NUMBER>/requested_reviewers \n  -d '{"reviewers":["dboone323"]}'

